android_app/build/intermediates/manifest_merge_blame_file/debug/manifest-merger-blame-debug-report.txt
1<?xml version="1.0" encoding="utf-8"?>
2<manifest xmlns:android="http://schemas.android.com/apk/res/android"
3    package="dev.bdon.spacegame"
4    android:versionCode="1"
5    android:versionName="1.0" >
6
7    <uses-sdk
8        android:minSdkVersion="24"
8-->src/main/AndroidManifest.xml
9        android:targetSdkVersion="32" />
9-->src/main/AndroidManifest.xml
10
11    <uses-feature android:glEsVersion="0x00030000" />
11-->src/main/AndroidManifest.xml:6:3-51
11-->src/main/AndroidManifest.xml:6:17-49
12
13    <application
13-->src/main/AndroidManifest.xml:8:3-31:17
14        android:name="dev.bdon.spacegame.SpacegameApplication"
14-->src/main/AndroidManifest.xml:15:7-61
15        android:allowBackup="false"
15-->src/main/AndroidManifest.xml:9:7-34
16        android:appComponentFactory="androidx.core.app.CoreComponentFactory"
16-->[androidx.core:core:1.7.0] AndroidManifest.xml:24:18-86
17        android:debuggable="true"
18        android:extractNativeLibs="false"
19        android:fullBackupContent="false"
19-->src/main/AndroidManifest.xml:10:7-40
20        android:icon="@mipmap/ic_launcher"
20-->src/main/AndroidManifest.xml:12:7-41
21        android:label="@string/app_name"
21-->src/main/AndroidManifest.xml:13:7-39
22        android:supportsRtl="true"
22-->src/main/AndroidManifest.xml:11:7-33
23        android:testOnly="true"
24        android:theme="@style/AppTheme" >
24-->src/main/AndroidManifest.xml:14:7-38
25
26        <!--
27         Our activity is the built-in NativeActivity framework class.
28         This will take care of integrating with our NDK code.
29        -->
30        <activity
30-->src/main/AndroidManifest.xml:20:5-30:16
31            android:name="dev.bdon.spacegame.SpacegameActivity"
31-->src/main/AndroidManifest.xml:20:15-66
32            android:configChanges="orientation|keyboardHidden"
32-->src/main/AndroidManifest.xml:21:15-65
33            android:exported="true" >
33-->src/main/AndroidManifest.xml:22:9-32
34
35            <!-- Tell NativeActivity the name of our .so -->
36            <meta-data
36-->src/main/AndroidManifest.xml:24:7-25:54
37                android:name="android.app.lib_name"
37-->src/main/AndroidManifest.xml:24:18-53
38                android:value="SpacegameActivity" />
38-->src/main/AndroidManifest.xml:25:18-51
39
40            <intent-filter>
40-->src/main/AndroidManifest.xml:26:7-29:23
41                <action android:name="android.intent.action.MAIN" />
41-->src/main/AndroidManifest.xml:27:9-61
41-->src/main/AndroidManifest.xml:27:17-58
42
43                <category android:name="android.intent.category.LAUNCHER" />
43-->src/main/AndroidManifest.xml:28:9-69
43-->src/main/AndroidManifest.xml:28:19-66
44            </intent-filter>
45        </activity>
46
47        <provider
47-->[androidx.emoji2:emoji2:1.0.0] AndroidManifest.xml:26:9-34:20
48            android:name="androidx.startup.InitializationProvider"
48-->[androidx.emoji2:emoji2:1.0.0] AndroidManifest.xml:27:13-67
49            android:authorities="dev.bdon.spacegame.androidx-startup"
49-->[androidx.emoji2:emoji2:1.0.0] AndroidManifest.xml:28:13-68
50            android:exported="false" >
50-->[androidx.emoji2:emoji2:1.0.0] AndroidManifest.xml:29:13-37
51            <meta-data
51-->[androidx.emoji2:emoji2:1.0.0] AndroidManifest.xml:31:13-33:52
52                android:name="androidx.emoji2.text.EmojiCompatInitializer"
52-->[androidx.emoji2:emoji2:1.0.0] AndroidManifest.xml:32:17-75
53                android:value="androidx.startup" />
53-->[androidx.emoji2:emoji2:1.0.0] AndroidManifest.xml:33:17-49
54            <meta-data
54-->[androidx.lifecycle:lifecycle-process:2.4.0] AndroidManifest.xml:31:13-33:52
55                android:name="androidx.lifecycle.ProcessLifecycleInitializer"
55-->[androidx.lifecycle:lifecycle-process:2.4.0] AndroidManifest.xml:32:17-78
56                android:value="androidx.startup" />
56-->[androidx.lifecycle:lifecycle-process:2.4.0] AndroidManifest.xml:33:17-49
57        </provider>
58    </application>
59
60</manifest>